<?xml version="1.0" encoding="UTF-8"?>
<!-- Generated by org.testng.reporters.JUnitReportReporter -->
<testsuite hostname="DESKTOP-SJK8D8N" failures="1" tests="4" name="com.crm.vtiger.organisation.searchOrganizationTest" time="118.026" errors="0" timestamp="2021-05-04T15:58:33 IST" skipped="0">
  <testcase classname="com.crm.vtiger.organisation.searchOrganizationTest" name="searchTheOrganizationByWebsite" time="32.130"/>
  <system-out>
Organization found serach for organization Mouseover opertaion perform Click on website Click on submit Validation passed  </system-out>
  <testcase classname="com.crm.vtiger.organisation.searchOrganizationTest" name="searchTheOrganizationByOrganizationName" time="39.525"/>
  <system-out>
Organization found Click on serach organization Click on search mouse over operation performed click on industry type Validation2 passed Click on submit button  </system-out>
  <testcase classname="com.crm.vtiger.organisation.searchOrganizationTest" name="filterTheOrganizationByProspectAccounts" time="18.579">
    <failure type="java.lang.AssertionError">
      <![CDATA[java.lang.AssertionError
at org.junit.Assert.fail(Assert.java:92)
at org.junit.Assert.fail(Assert.java:100)
at com.crm.vtiger.organisation.searchOrganizationTest.filterTheOrganizationByProspectAccounts(searchOrganizationTest.java:36)
at java.base/jdk.internal.reflect.NativeMethodAccessorImpl.invoke0(Native Method)
at java.base/jdk.internal.reflect.NativeMethodAccessorImpl.invoke(NativeMethodAccessorImpl.java:62)
at java.base/jdk.internal.reflect.DelegatingMethodAccessorImpl.invoke(DelegatingMethodAccessorImpl.java:43)
at java.base/java.lang.reflect.Method.invoke(Method.java:567)
at org.testng.internal.MethodInvocationHelper.invokeMethod(MethodInvocationHelper.java:132)
at org.testng.internal.TestInvoker.invokeMethod(TestInvoker.java:599)
at org.testng.internal.TestInvoker.invokeTestMethod(TestInvoker.java:174)
at org.testng.internal.MethodRunner.runInSequence(MethodRunner.java:46)
at org.testng.internal.TestInvoker$MethodInvocationAgent.invoke(TestInvoker.java:822)
at org.testng.internal.TestInvoker.invokeTestMethods(TestInvoker.java:147)
at org.testng.internal.TestMethodWorker.invokeTestMethods(TestMethodWorker.java:146)
at org.testng.internal.TestMethodWorker.run(TestMethodWorker.java:128)
at java.base/java.util.ArrayList.forEach(ArrayList.java:1507)
at org.testng.TestRunner.privateRun(TestRunner.java:764)
at org.testng.TestRunner.run(TestRunner.java:585)
at org.testng.SuiteRunner.runTest(SuiteRunner.java:384)
at org.testng.SuiteRunner.runSequentially(SuiteRunner.java:378)
at org.testng.SuiteRunner.privateRun(SuiteRunner.java:337)
at org.testng.SuiteRunner.run(SuiteRunner.java:286)
at org.testng.SuiteRunnerWorker.runSuite(SuiteRunnerWorker.java:53)
at org.testng.SuiteRunnerWorker.run(SuiteRunnerWorker.java:96)
at org.testng.TestNG.runSuitesSequentially(TestNG.java:1218)
at org.testng.TestNG.runSuitesLocally(TestNG.java:1140)
at org.testng.TestNG.runSuites(TestNG.java:1069)
at org.testng.TestNG.run(TestNG.java:1037)
at org.testng.remote.AbstractRemoteTestNG.run(AbstractRemoteTestNG.java:115)
at org.testng.remote.RemoteTestNG.initAndRun(RemoteTestNG.java:251)
at org.testng.remote.RemoteTestNG.main(RemoteTestNG.java:77)
]]>
    </failure>
  </testcase> <!-- filterTheOrganizationByProspectAccounts -->
  <system-out/>
  <testcase classname="com.crm.vtiger.organisation.searchOrganizationTest" name="searchTheOrganizationByPhone" time="27.792"/>
  <system-out>
Organization found search the orgname Click on in field performed mousehover action Search the organization by phone Click on submit Validation passed  </system-out>
</testsuite> <!-- com.crm.vtiger.organisation.searchOrganizationTest -->
